CRITICAL - 2023-04-13 14:36:54 --> syntax error, unexpected '}', expecting ';'
in APPPATH/Controllers/Home.php on line 10.
 1 SYSTEMPATH/Autoloader/Autoloader.php(289): CodeIgniter\Autoloader\Autoloader->includeFile('/Applications/AMPPS/www/web/app/Controllers/Home.php')
 2 SYSTEMPATH/Autoloader/Autoloader.php(267): CodeIgniter\Autoloader\Autoloader->loadInNamespace('App\\Controllers\\Home')
 3 [internal function]: CodeIgniter\Autoloader\Autoloader->loadClass('App\\Controllers\\Home')
 4 [internal function]: spl_autoload_call('App\\Controllers\\Home')
 5 SYSTEMPATH/CodeIgniter.php(892): class_exists('\\App\\Controllers\\Home', true)
 6 SYSTEMPATH/CodeIgniter.php(486): CodeIgniter\CodeIgniter->startController()
 7 SYSTEMPATH/CodeIgniter.php(368): CodeIgniter\CodeIgniter->handleRequest(null, Object(Config\Cache), false)
 8 FCPATH/index.php(67): CodeIgniter\CodeIgniter->run()
CRITICAL - 2023-04-13 15:05:46 --> Undefined variable: users
in APPPATH/Views/user/list.php on line 3.
 1 APPPATH/Views/user/list.php(3): CodeIgniter\Debug\Exceptions->errorHandler(8, 'Undefined variable: users', '/Applications/AMPPS/www/web/app/Views/user/list.php', 3, [])
 2 SYSTEMPATH/View/View.php(213): include('/Applications/AMPPS/www/web/app/Views/user/list.php')
 3 SYSTEMPATH/View/View.php(216): CodeIgniter\View\View->CodeIgniter\View\{closure}()
 4 SYSTEMPATH/Common.php(1184): CodeIgniter\View\View->render('user/list', [], true)
 5 APPPATH/Controllers/Home.php(9): view('user/list')
 6 SYSTEMPATH/CodeIgniter.php(934): App\Controllers\Home->index()
 7 SYSTEMPATH/CodeIgniter.php(499): CodeIgniter\CodeIgniter->runController(Object(App\Controllers\Home))
 8 SYSTEMPATH/CodeIgniter.php(368): CodeIgniter\CodeIgniter->handleRequest(null, Object(Config\Cache), false)
 9 FCPATH/index.php(67): CodeIgniter\CodeIgniter->run()
CRITICAL - 2023-04-13 15:06:41 --> Undefined variable: users
in APPPATH/Views/user/list.php on line 3.
 1 APPPATH/Views/user/list.php(3): CodeIgniter\Debug\Exceptions->errorHandler(8, 'Undefined variable: users', '/Applications/AMPPS/www/web/app/Views/user/list.php', 3, [])
 2 SYSTEMPATH/View/View.php(213): include('/Applications/AMPPS/www/web/app/Views/user/list.php')
 3 SYSTEMPATH/View/View.php(216): CodeIgniter\View\View->CodeIgniter\View\{closure}()
 4 SYSTEMPATH/Common.php(1184): CodeIgniter\View\View->render('user/list', [], true)
 5 APPPATH/Controllers/Home.php(19): view('user/list')
 6 SYSTEMPATH/CodeIgniter.php(934): App\Controllers\Home->index()
 7 SYSTEMPATH/CodeIgniter.php(499): CodeIgniter\CodeIgniter->runController(Object(App\Controllers\Home))
 8 SYSTEMPATH/CodeIgniter.php(368): CodeIgniter\CodeIgniter->handleRequest(null, Object(Config\Cache), false)
 9 FCPATH/index.php(67): CodeIgniter\CodeIgniter->run()
CRITICAL - 2023-04-13 15:07:51 --> syntax error, unexpected '<', expecting end of file
in APPPATH/Models/UserModel.php on line 20.
 1 SYSTEMPATH/Autoloader/Autoloader.php(289): CodeIgniter\Autoloader\Autoloader->includeFile('/Applications/AMPPS/www/web/app/Models/UserModel.php')
 2 SYSTEMPATH/Autoloader/Autoloader.php(267): CodeIgniter\Autoloader\Autoloader->loadInNamespace('App\\Models\\UserModel')
 3 [internal function]: CodeIgniter\Autoloader\Autoloader->loadClass('App\\Models\\UserModel')
 4 APPPATH/Controllers/Home.php(9): spl_autoload_call('App\\Models\\UserModel')
 5 SYSTEMPATH/CodeIgniter.php(934): App\Controllers\Home->index()
 6 SYSTEMPATH/CodeIgniter.php(499): CodeIgniter\CodeIgniter->runController(Object(App\Controllers\Home))
 7 SYSTEMPATH/CodeIgniter.php(368): CodeIgniter\CodeIgniter->handleRequest(null, Object(Config\Cache), false)
 8 FCPATH/index.php(67): CodeIgniter\CodeIgniter->run()
CRITICAL - 2023-04-13 15:09:54 --> Undefined property: App\Controllers\Home::$load
in APPPATH/Controllers/Home.php on line 9.
 1 APPPATH/Controllers/Home.php(9): CodeIgniter\Debug\Exceptions->errorHandler(8, 'Undefined property: App\\Controllers\\Home::$load', '/Applications/AMPPS/www/web/app/Controllers/Home.php', 9, [])
 2 SYSTEMPATH/CodeIgniter.php(934): App\Controllers\Home->index()
 3 SYSTEMPATH/CodeIgniter.php(499): CodeIgniter\CodeIgniter->runController(Object(App\Controllers\Home))
 4 SYSTEMPATH/CodeIgniter.php(368): CodeIgniter\CodeIgniter->handleRequest(null, Object(Config\Cache), false)
 5 FCPATH/index.php(67): CodeIgniter\CodeIgniter->run()
CRITICAL - 2023-04-13 15:10:35 --> syntax error, unexpected end of file, expecting function (T_FUNCTION) or const (T_CONST)
in APPPATH/Controllers/Home.php on line 16.
 1 SYSTEMPATH/Autoloader/Autoloader.php(289): CodeIgniter\Autoloader\Autoloader->includeFile('/Applications/AMPPS/www/web/app/Controllers/Home.php')
 2 SYSTEMPATH/Autoloader/Autoloader.php(267): CodeIgniter\Autoloader\Autoloader->loadInNamespace('App\\Controllers\\Home')
 3 [internal function]: CodeIgniter\Autoloader\Autoloader->loadClass('App\\Controllers\\Home')
 4 [internal function]: spl_autoload_call('App\\Controllers\\Home')
 5 SYSTEMPATH/CodeIgniter.php(892): class_exists('\\App\\Controllers\\Home', true)
 6 SYSTEMPATH/CodeIgniter.php(486): CodeIgniter\CodeIgniter->startController()
 7 SYSTEMPATH/CodeIgniter.php(368): CodeIgniter\CodeIgniter->handleRequest(null, Object(Config\Cache), false)
 8 FCPATH/index.php(67): CodeIgniter\CodeIgniter->run()
CRITICAL - 2023-04-13 15:10:40 --> Undefined variable: users
in APPPATH/Views/user/list.php on line 3.
 1 APPPATH/Views/user/list.php(3): CodeIgniter\Debug\Exceptions->errorHandler(8, 'Undefined variable: users', '/Applications/AMPPS/www/web/app/Views/user/list.php', 3, [])
 2 SYSTEMPATH/View/View.php(213): include('/Applications/AMPPS/www/web/app/Views/user/list.php')
 3 SYSTEMPATH/View/View.php(216): CodeIgniter\View\View->CodeIgniter\View\{closure}()
 4 SYSTEMPATH/Common.php(1184): CodeIgniter\View\View->render('user/list', [], true)
 5 APPPATH/Controllers/Home.php(13): view('user/list')
 6 SYSTEMPATH/CodeIgniter.php(934): App\Controllers\Home->index()
 7 SYSTEMPATH/CodeIgniter.php(499): CodeIgniter\CodeIgniter->runController(Object(App\Controllers\Home))
 8 SYSTEMPATH/CodeIgniter.php(368): CodeIgniter\CodeIgniter->handleRequest(null, Object(Config\Cache), false)
 9 FCPATH/index.php(67): CodeIgniter\CodeIgniter->run()
CRITICAL - 2023-04-13 15:11:49 --> Undefined variable: users
in APPPATH/Views/user/list.php on line 3.
 1 APPPATH/Views/user/list.php(3): CodeIgniter\Debug\Exceptions->errorHandler(8, 'Undefined variable: users', '/Applications/AMPPS/www/web/app/Views/user/list.php', 3, [])
 2 SYSTEMPATH/View/View.php(213): include('/Applications/AMPPS/www/web/app/Views/user/list.php')
 3 SYSTEMPATH/View/View.php(216): CodeIgniter\View\View->CodeIgniter\View\{closure}()
 4 SYSTEMPATH/Common.php(1184): CodeIgniter\View\View->render('user/list', [], true)
 5 APPPATH/Controllers/Home.php(13): view('user/list')
 6 SYSTEMPATH/CodeIgniter.php(934): App\Controllers\Home->index()
 7 SYSTEMPATH/CodeIgniter.php(499): CodeIgniter\CodeIgniter->runController(Object(App\Controllers\Home))
 8 SYSTEMPATH/CodeIgniter.php(368): CodeIgniter\CodeIgniter->handleRequest(null, Object(Config\Cache), false)
 9 FCPATH/index.php(67): CodeIgniter\CodeIgniter->run()
CRITICAL - 2023-04-13 15:12:32 --> Undefined variable: users
in APPPATH/Views/user/list.php on line 3.
 1 APPPATH/Views/user/list.php(3): CodeIgniter\Debug\Exceptions->errorHandler(8, 'Undefined variable: users', '/Applications/AMPPS/www/web/app/Views/user/list.php', 3, [])
 2 SYSTEMPATH/View/View.php(213): include('/Applications/AMPPS/www/web/app/Views/user/list.php')
 3 SYSTEMPATH/View/View.php(216): CodeIgniter\View\View->CodeIgniter\View\{closure}()
 4 SYSTEMPATH/Common.php(1184): CodeIgniter\View\View->render('user/list', [], true)
 5 APPPATH/Controllers/Home.php(16): view('user/list')
 6 SYSTEMPATH/CodeIgniter.php(934): App\Controllers\Home->index()
 7 SYSTEMPATH/CodeIgniter.php(499): CodeIgniter\CodeIgniter->runController(Object(App\Controllers\Home))
 8 SYSTEMPATH/CodeIgniter.php(368): CodeIgniter\CodeIgniter->handleRequest(null, Object(Config\Cache), false)
 9 FCPATH/index.php(67): CodeIgniter\CodeIgniter->run()
CRITICAL - 2023-04-13 15:12:33 --> Undefined variable: users
in APPPATH/Views/user/list.php on line 3.
 1 APPPATH/Views/user/list.php(3): CodeIgniter\Debug\Exceptions->errorHandler(8, 'Undefined variable: users', '/Applications/AMPPS/www/web/app/Views/user/list.php', 3, [])
 2 SYSTEMPATH/View/View.php(213): include('/Applications/AMPPS/www/web/app/Views/user/list.php')
 3 SYSTEMPATH/View/View.php(216): CodeIgniter\View\View->CodeIgniter\View\{closure}()
 4 SYSTEMPATH/Common.php(1184): CodeIgniter\View\View->render('user/list', [], true)
 5 APPPATH/Controllers/Home.php(16): view('user/list')
 6 SYSTEMPATH/CodeIgniter.php(934): App\Controllers\Home->index()
 7 SYSTEMPATH/CodeIgniter.php(499): CodeIgniter\CodeIgniter->runController(Object(App\Controllers\Home))
 8 SYSTEMPATH/CodeIgniter.php(368): CodeIgniter\CodeIgniter->handleRequest(null, Object(Config\Cache), false)
 9 FCPATH/index.php(67): CodeIgniter\CodeIgniter->run()
CRITICAL - 2023-04-13 15:14:06 --> Undefined property: stdClass::$id
in APPPATH/Views/user/list.php on line 7.
 1 APPPATH/Views/user/list.php(7): CodeIgniter\Debug\Exceptions->errorHandler(8, 'Undefined property: stdClass::$id', '/Applications/AMPPS/www/web/app/Views/user/list.php', 7, [...])
 2 SYSTEMPATH/View/View.php(213): include('/Applications/AMPPS/www/web/app/Views/user/list.php')
 3 SYSTEMPATH/View/View.php(216): CodeIgniter\View\View->CodeIgniter\View\{closure}()
 4 SYSTEMPATH/Common.php(1184): CodeIgniter\View\View->render('user/list', [], true)
 5 APPPATH/Controllers/User.php(10): view('user/list', [...])
 6 SYSTEMPATH/CodeIgniter.php(934): App\Controllers\User->getList()
 7 SYSTEMPATH/CodeIgniter.php(499): CodeIgniter\CodeIgniter->runController(Object(App\Controllers\User))
 8 SYSTEMPATH/CodeIgniter.php(368): CodeIgniter\CodeIgniter->handleRequest(null, Object(Config\Cache), false)
 9 FCPATH/index.php(67): CodeIgniter\CodeIgniter->run()
CRITICAL - 2023-04-13 15:14:09 --> Undefined property: stdClass::$id
in APPPATH/Views/user/list.php on line 7.
 1 APPPATH/Views/user/list.php(7): CodeIgniter\Debug\Exceptions->errorHandler(8, 'Undefined property: stdClass::$id', '/Applications/AMPPS/www/web/app/Views/user/list.php', 7, [...])
 2 SYSTEMPATH/View/View.php(213): include('/Applications/AMPPS/www/web/app/Views/user/list.php')
 3 SYSTEMPATH/View/View.php(216): CodeIgniter\View\View->CodeIgniter\View\{closure}()
 4 SYSTEMPATH/Common.php(1184): CodeIgniter\View\View->render('user/list', [], true)
 5 APPPATH/Controllers/User.php(10): view('user/list', [...])
 6 SYSTEMPATH/CodeIgniter.php(934): App\Controllers\User->getList()
 7 SYSTEMPATH/CodeIgniter.php(499): CodeIgniter\CodeIgniter->runController(Object(App\Controllers\User))
 8 SYSTEMPATH/CodeIgniter.php(368): CodeIgniter\CodeIgniter->handleRequest(null, Object(Config\Cache), false)
 9 FCPATH/index.php(67): CodeIgniter\CodeIgniter->run()
